<?xml version="1.0" encoding="UTF-8"?>
<!-- Generated by org.testng.reporters.JUnitXMLReporter -->
<testsuite ignored="0" hostname="DESKTOP-U4NCOOL" failures="0" tests="3" name="Submit Order Test" time="29.182" errors="0" timestamp="2026-05-22T06:00:59 IST">
  <testcase classname="SeleniumFrameworkDesign.Tests.StandAloneTestWithPOM" name="sumitOrder" time="10.205"/>
  <testcase classname="SeleniumFrameworkDesign.Tests.StandAloneTestWithPOM" name="sumitOrder" time="9.608"/>
  <testcase classname="SeleniumFrameworkDesign.Tests.StandAloneTestWithPOM" name="OrderHistoryTest" time="0.883"/>
</testsuite> <!-- Submit Order Test -->
