<?xml version="1.0" encoding="UTF-8"?>
<!-- Generated by org.testng.reporters.JUnitXMLReporter -->
<testsuite ignored="0" hostname="DESKTOP-U4NCOOL" failures="0" tests="2" name="Error validation Test" time="20.726" errors="0" timestamp="2026-05-22T07:12:47 IST">
  <testcase classname="SeleniumFrameworkDesign.Tests.ErrorValidation" name="LoginErrorValidation" time="0.559"/>
  <testcase classname="SeleniumFrameworkDesign.Tests.ErrorValidation" name="productErrorValidation" time="13.77"/>
</testsuite> <!-- Error validation Test -->
