<?xml version="1.0" encoding="UTF-8"?>
<!-- Generated by org.testng.reporters.JUnitXMLReporter -->
<testsuite ignored="0" hostname="DESKTOP-U4NCOOL" failures="0" tests="3" name="Submit Order Test" time="24.829" errors="0" timestamp="2026-05-22T07:12:50 IST">
  <testcase classname="SeleniumFrameworkDesign.Tests.StandAloneTestWithPOM" name="sumitOrder" time="10.314"/>
  <testcase classname="SeleniumFrameworkDesign.Tests.StandAloneTestWithPOM" name="sumitOrder" time="3.349"/>
  <testcase classname="SeleniumFrameworkDesign.Tests.StandAloneTestWithPOM" name="OrderHistoryTest" time="0.902"/>
</testsuite> <!-- Submit Order Test -->
