<?xml version="1.0" encoding="UTF-8"?>
<testng-results ignored="0" total="5" passed="5" failed="0" skipped="0">
  <reporter-output>
  </reporter-output>
  <suite started-at="2026-05-22T07:12:25 IST" name="Suite" finished-at="2026-05-22T07:12:50 IST" duration-ms="24829">
    <groups>
      <group name="ErrorHandling">
        <method signature="ErrorValidation.LoginErrorValidation()[pri:0, instance:SeleniumFrameworkDesign.Tests.ErrorValidation@79195c22]" name="LoginErrorValidation" class="SeleniumFrameworkDesign.Tests.ErrorValidation"/>
      </group> <!-- ErrorHandling -->
      <group name="Purchase">
        <method signature="StandAloneTestWithPOM.sumitOrder(java.util.HashMap)[pri:0, instance:SeleniumFrameworkDesign.Tests.StandAloneTestWithPOM@3e53c4ad]" name="sumitOrder" class="SeleniumFrameworkDesign.Tests.StandAloneTestWithPOM"/>
      </group> <!-- Purchase -->
    </groups>
    <test started-at="2026-05-22T07:12:25 IST" name="Error validation Test" finished-at="2026-05-22T07:12:46 IST" duration-ms="20726">
      <class name="SeleniumFrameworkDesign.Tests.ErrorValidation">
        <test-method is-config="true" signature="launchApplication()[pri:0, instance:SeleniumFrameworkDesign.Tests.ErrorValidation@79195c22]" started-at="2026-05-22T07:12:25 IST" name="launchApplication" finished-at="2026-05-22T07:12:29 IST" duration-ms="3969" status="PASS">
          <reporter-output>
          </reporter-output>
        </test-method> <!-- launchApplication -->
        <test-method signature="LoginErrorValidation()[pri:0, instance:SeleniumFrameworkDesign.Tests.ErrorValidation@79195c22]" started-at="2026-05-22T07:12:29 IST" name="LoginErrorValidation" finished-at="2026-05-22T07:12:30 IST" duration-ms="559" status="PASS">
          <reporter-output>
          </reporter-output>
        </test-method> <!-- LoginErrorValidation -->
        <test-method is-config="true" signature="closeThepage()[pri:0, instance:SeleniumFrameworkDesign.Tests.ErrorValidation@79195c22]" started-at="2026-05-22T07:12:30 IST" name="closeThepage" finished-at="2026-05-22T07:12:30 IST" duration-ms="57" status="PASS">
          <reporter-output>
          </reporter-output>
        </test-method> <!-- closeThepage -->
        <test-method is-config="true" signature="launchApplication()[pri:0, instance:SeleniumFrameworkDesign.Tests.ErrorValidation@79195c22]" started-at="2026-05-22T07:12:30 IST" name="launchApplication" finished-at="2026-05-22T07:12:32 IST" duration-ms="1988" status="PASS">
          <reporter-output>
          </reporter-output>
        </test-method> <!-- launchApplication -->
        <test-method signature="productErrorValidation()[pri:0, instance:SeleniumFrameworkDesign.Tests.ErrorValidation@79195c22]" started-at="2026-05-22T07:12:32 IST" name="productErrorValidation" finished-at="2026-05-22T07:12:46 IST" duration-ms="13770" status="PASS">
          <reporter-output>
          </reporter-output>
        </test-method> <!-- productErrorValidation -->
        <test-method is-config="true" signature="closeThepage()[pri:0, instance:SeleniumFrameworkDesign.Tests.ErrorValidation@79195c22]" started-at="2026-05-22T07:12:46 IST" name="closeThepage" finished-at="2026-05-22T07:12:46 IST" duration-ms="276" status="PASS">
          <reporter-output>
          </reporter-output>
        </test-method> <!-- closeThepage -->
      </class> <!-- SeleniumFrameworkDesign.Tests.ErrorValidation -->
    </test> <!-- Error validation Test -->
    <test started-at="2026-05-22T07:12:25 IST" name="Submit Order Test" finished-at="2026-05-22T07:12:50 IST" duration-ms="24829">
      <class name="SeleniumFrameworkDesign.Tests.StandAloneTestWithPOM">
        <test-method is-config="true" signature="launchApplication()[pri:0, instance:SeleniumFrameworkDesign.Tests.StandAloneTestWithPOM@3e53c4ad]" started-at="2026-05-22T07:12:26 IST" name="launchApplication" finished-at="2026-05-22T07:12:30 IST" duration-ms="3462" status="PASS">
          <reporter-output>
          </reporter-output>
        </test-method> <!-- launchApplication -->
        <test-method signature="sumitOrder(java.util.HashMap)[pri:0, instance:SeleniumFrameworkDesign.Tests.StandAloneTestWithPOM@3e53c4ad]" started-at="2026-05-22T07:12:30 IST" name="sumitOrder" data-provider="getData" finished-at="2026-05-22T07:12:40 IST" duration-ms="10314" status="PASS">
          <params>
            <param index="0">
              <value>
                <![CDATA[{password=Udemy@123, product=ADIDAS ORIGINAL, email=bhamchandu@gmail.com}]]>
              </value>
            </param>
          </params>
          <reporter-output>
          </reporter-output>
        </test-method> <!-- sumitOrder -->
        <test-method is-config="true" signature="closeThepage()[pri:0, instance:SeleniumFrameworkDesign.Tests.StandAloneTestWithPOM@3e53c4ad]" started-at="2026-05-22T07:12:40 IST" name="closeThepage" finished-at="2026-05-22T07:12:40 IST" duration-ms="131" status="PASS">
          <reporter-output>
          </reporter-output>
        </test-method> <!-- closeThepage -->
        <test-method is-config="true" signature="launchApplication()[pri:0, instance:SeleniumFrameworkDesign.Tests.StandAloneTestWithPOM@3e53c4ad]" started-at="2026-05-22T07:12:40 IST" name="launchApplication" finished-at="2026-05-22T07:12:42 IST" duration-ms="2126" status="PASS">
          <reporter-output>
          </reporter-output>
        </test-method> <!-- launchApplication -->
        <test-method signature="sumitOrder(java.util.HashMap)[pri:0, instance:SeleniumFrameworkDesign.Tests.StandAloneTestWithPOM@3e53c4ad]" started-at="2026-05-22T07:12:42 IST" name="sumitOrder" data-provider="getData" finished-at="2026-05-22T07:12:45 IST" duration-ms="3349" status="PASS">
          <params>
            <param index="0">
              <value>
                <![CDATA[{password=Udemy@123, product=ZARA COAT 3, email=bhamchandu@gmail.com}]]>
              </value>
            </param>
          </params>
          <reporter-output>
          </reporter-output>
        </test-method> <!-- sumitOrder -->
        <test-method is-config="true" signature="closeThepage()[pri:0, instance:SeleniumFrameworkDesign.Tests.StandAloneTestWithPOM@3e53c4ad]" started-at="2026-05-22T07:12:45 IST" name="closeThepage" finished-at="2026-05-22T07:12:46 IST" duration-ms="111" status="PASS">
          <reporter-output>
          </reporter-output>
        </test-method> <!-- closeThepage -->
        <test-method is-config="true" signature="launchApplication()[pri:0, instance:SeleniumFrameworkDesign.Tests.StandAloneTestWithPOM@3e53c4ad]" started-at="2026-05-22T07:12:46 IST" name="launchApplication" finished-at="2026-05-22T07:12:49 IST" duration-ms="3682" status="PASS">
          <reporter-output>
          </reporter-output>
        </test-method> <!-- launchApplication -->
        <test-method signature="OrderHistoryTest()[pri:0, instance:SeleniumFrameworkDesign.Tests.StandAloneTestWithPOM@3e53c4ad]" started-at="2026-05-22T07:12:49 IST" name="OrderHistoryTest" finished-at="2026-05-22T07:12:50 IST" depends-on-methods="SeleniumFrameworkDesign.Tests.StandAloneTestWithPOM.sumitOrder" duration-ms="902" status="PASS">
          <reporter-output>
          </reporter-output>
        </test-method> <!-- OrderHistoryTest -->
        <test-method is-config="true" signature="closeThepage()[pri:0, instance:SeleniumFrameworkDesign.Tests.StandAloneTestWithPOM@3e53c4ad]" started-at="2026-05-22T07:12:50 IST" name="closeThepage" finished-at="2026-05-22T07:12:50 IST" duration-ms="84" status="PASS">
          <reporter-output>
          </reporter-output>
        </test-method> <!-- closeThepage -->
      </class> <!-- SeleniumFrameworkDesign.Tests.StandAloneTestWithPOM -->
    </test> <!-- Submit Order Test -->
  </suite> <!-- Suite -->
</testng-results>
