<?xml version="1.0" encoding="UTF-8"?>
<!-- Generated by org.testng.reporters.JUnitReportReporter -->
<testsuite hostname="DESKTOP-U4NCOOL" failures="0" tests="2" name="SeleniumFrameworkDesign.Tests.ErrorValidation" time="7.626" errors="0" timestamp="2026-05-22T06:00:59 IST" skipped="0">
  <testcase classname="SeleniumFrameworkDesign.Tests.ErrorValidation" name="productErrorValidation" time="4.475"/>
  <testcase classname="SeleniumFrameworkDesign.Tests.ErrorValidation" name="LoginErrorValidation" time="3.151"/>
</testsuite> <!-- SeleniumFrameworkDesign.Tests.ErrorValidation -->
