<?xml version="1.0" encoding="UTF-8"?>
<!-- Generated by org.testng.reporters.JUnitReportReporter -->
<testsuite hostname="DESKTOP-U4NCOOL" failures="0" tests="3" name="SeleniumFrameworkDesign.Tests.StandAloneTestWithPOM" time="28.963" errors="0" timestamp="2026-05-22T06:00:59 IST" skipped="0">
  <testcase classname="SeleniumFrameworkDesign.Tests.StandAloneTestWithPOM" name="sumitOrder" time="14.240"/>
  <testcase classname="SeleniumFrameworkDesign.Tests.StandAloneTestWithPOM" name="OrderHistoryTest" time="2.914"/>
  <testcase classname="SeleniumFrameworkDesign.Tests.StandAloneTestWithPOM" name="sumitOrder" time="11.809"/>
</testsuite> <!-- SeleniumFrameworkDesign.Tests.StandAloneTestWithPOM -->
