<?xml version="1.0" encoding="UTF-8"?>
<!-- Generated by org.testng.reporters.JUnitReportReporter -->
<testsuite hostname="DESKTOP-U4NCOOL" failures="0" tests="2" name="SeleniumFrameworkDesign.Tests.ErrorValidation" time="20.619" errors="0" timestamp="2026-05-22T07:12:50 IST" skipped="0">
  <testcase classname="SeleniumFrameworkDesign.Tests.ErrorValidation" name="productErrorValidation" time="17.796"/>
  <testcase classname="SeleniumFrameworkDesign.Tests.ErrorValidation" name="LoginErrorValidation" time="2.823"/>
</testsuite> <!-- SeleniumFrameworkDesign.Tests.ErrorValidation -->
