<?xml version="1.0" encoding="UTF-8"?>
<!-- Generated by org.testng.reporters.JUnitReportReporter -->
<testsuite hostname="DESKTOP-U4NCOOL" failures="0" tests="3" name="SeleniumFrameworkDesign.Tests.StandAloneTestWithPOM" time="24.161" errors="0" timestamp="2026-05-22T07:12:50 IST" skipped="0">
  <testcase classname="SeleniumFrameworkDesign.Tests.StandAloneTestWithPOM" name="sumitOrder" time="12.551"/>
  <testcase classname="SeleniumFrameworkDesign.Tests.StandAloneTestWithPOM" name="sumitOrder" time="7.162"/>
  <testcase classname="SeleniumFrameworkDesign.Tests.StandAloneTestWithPOM" name="OrderHistoryTest" time="4.448"/>
</testsuite> <!-- SeleniumFrameworkDesign.Tests.StandAloneTestWithPOM -->
